2023-03-14 17:49:05,411 INFO o.s.b.StartupInfoLogger [restartedMain] Starting LoggingServicesApplication using Java 17.0.5 with PID 17580 (C:\Users\39347\Documents\Esercizi IntelliJ IDEA\loggingServices\target\classes started by 39347 in C:\Users\39347\Documents\Esercizi IntelliJ IDEA\loggingServices)
2023-03-14 17:49:05,414 DEBUG o.s.b.StartupInfoLogger [restartedMain] Running with Spring Boot v3.0.4, Spring v6.0.6
2023-03-14 17:49:05,415 INFO o.s.b.SpringApplication [restartedMain] No active profile set, falling back to 1 default profile: "default"
2023-03-14 17:49:05,475 INFO o.s.b.l.DeferredLog [restartedMain] Devtools property defaults active! Set 'spring.devtools.add-properties' to 'false' to disable
2023-03-14 17:49:05,483 INFO o.s.b.l.DeferredLog [restartedMain] For additional web related logging consider setting the 'logging.level.web' property to 'DEBUG'
2023-03-14 17:49:06,498 INFO o.s.b.w.e.t.TomcatWebServer [restartedMain] Tomcat initialized with port(s): 8080 (http)
2023-03-14 17:49:06,509 INFO o.a.j.l.DirectJDKLog [restartedMain] Initializing ProtocolHandler ["http-nio-8080"]
2023-03-14 17:49:06,510 INFO o.a.j.l.DirectJDKLog [restartedMain] Starting service [Tomcat]
2023-03-14 17:49:06,510 INFO o.a.j.l.DirectJDKLog [restartedMain] Starting Servlet engine: [Apache Tomcat/10.1.5]
2023-03-14 17:49:06,571 INFO o.a.j.l.DirectJDKLog [restartedMain] Initializing Spring embedded WebApplicationContext
2023-03-14 17:49:06,573 INFO o.s.b.w.s.c.ServletWebServerApplicationContext [restartedMain] Root WebApplicationContext: initialization completed in 1088 ms
2023-03-14 17:49:06,941 INFO o.s.b.d.a.OptionalLiveReloadServer [restartedMain] LiveReload server is running on port 35729
2023-03-14 17:49:06,952 INFO o.a.j.l.DirectJDKLog [restartedMain] Starting ProtocolHandler ["http-nio-8080"]
2023-03-14 17:49:06,980 INFO o.s.b.w.e.t.TomcatWebServer [restartedMain] Tomcat started on port(s): 8080 (http) with context path ''
2023-03-14 17:49:06,990 INFO o.s.b.StartupInfoLogger [restartedMain] Started LoggingServicesApplication in 2.141 seconds (process running for 2.594)
2023-03-14 17:49:13,291 INFO o.a.j.l.DirectJDKLog [http-nio-8080-exec-1] Initializing Spring DispatcherServlet 'dispatcherServlet'
2023-03-14 17:49:13,292 INFO o.s.w.s.FrameworkServlet [http-nio-8080-exec-1] Initializing Servlet 'dispatcherServlet'
2023-03-14 17:49:13,293 INFO o.s.w.s.FrameworkServlet [http-nio-8080-exec-1] Completed initialization in 1 ms
2023-03-14 17:49:13,323 INFO c.d.l.C.HomeController [http-nio-8080-exec-1] Starting greeting in Controller
2023-03-14 17:49:13,323 INFO c.d.l.S.MathService [http-nio-8080-exec-1] Starting Operation
2023-03-14 17:49:13,324 INFO c.d.l.S.MathService [http-nio-8080-exec-1] Finish the Operation
